#
# There is insufficient memory for the Java Runtime Environment to continue.
# Native memory allocation (malloc) failed to allocate 1360816 bytes for Chunk::new
# Possible reasons:
#   The system is out of physical RAM or swap space
#   The process is running with CompressedOops enabled, and the Java Heap may be blocking the growth of the native heap
# Possible solutions:
#   Reduce memory load on the system
#   Increase physical memory or swap space
#   Check if swap backing store is full
#   Decrease Java heap size (-Xmx/-Xms)
#   Decrease number of Java threads
#   Decrease Java thread stack sizes (-Xss)
#   Set larger code cache with -XX:ReservedCodeCacheSize=
#   JVM is running with Unscaled Compressed Oops mode in which the Java heap is
#     placed in the first 4GB address space. The Java Heap base address is the
#     maximum limit for the native heap growth. Please use -XX:HeapBaseMinAddress
#     to set the Java Heap base and to place the Java Heap above 4GB virtual address.
# This output file may be truncated or incomplete.
#
#  Out of Memory Error (arena.cpp:189), pid=704384, tid=705308
#
# JRE version: OpenJDK Runtime Environment (17.0.6) (build 17.0.6+0-b2043.56-10027231)
# Java VM: OpenJDK 64-Bit Server VM (17.0.6+0-b2043.56-10027231, mixed mode, tiered, compressed oops, compressed class ptrs, g1 gc, windows-amd64)
# No core dump will be written. Minidumps are not enabled by default on client versions of Windows
#

---------------  S U M M A R Y ------------

Command Line: org.jetbrains.kotlin.cli.jvm.K2JVMCompiler @C:\Users\user\Desktop\Tarc\SpotNBook [27 Mar].zip-20240327T100541Z-001\SpotNBook\app\build\20240404_5253428446531301155.compiler.options

Host: AMD Ryzen 7 3750H with Radeon Vega Mobile Gfx  , 8 cores, 5G,  Windows 10 , 64 bit Build 19041 (10.0.19041.1706)
Time: Thu Apr  4 01:31:13 2024 Malay Peninsula Standard Time elapsed time: 9.139800 seconds (0d 0h 0m 9s)

---------------  T H R E A D  ---------------

Current thread (0x00000192df408d50):  JavaThread "C2 CompilerThread0" daemon [_thread_in_native, id=705308, stack(0x0000000101300000,0x0000000101400000)]


Current CompileTask:
C2:   9139 2912   !   4       jdk.internal.loader.BuiltinClassLoader::findClassOnClassPathOrNull (64 bytes)

Stack: [0x0000000101300000,0x0000000101400000]
Native frames: (J=compiled Java code, j=interpreted, Vv=VM code, C=native code)
V  [jvm.dll+0x683c9a]
V  [jvm.dll+0x8427a4]
V  [jvm.dll+0x843f9e]
V  [jvm.dll+0x844603]
V  [jvm.dll+0x249b75]
V  [jvm.dll+0xabcac]
V  [jvm.dll+0xac27c]
V  [jvm.dll+0x368802]
V  [jvm.dll+0x1bced2]
V  [jvm.dll+0x21c359]
V  [jvm.dll+0x21b621]
V  [jvm.dll+0x1a4fdd]
V  [jvm.dll+0x22b098]
V  [jvm.dll+0x229159]
V  [jvm.dll+0x7f81ec]
V  [jvm.dll+0x7f274a]
V  [jvm.dll+0x682ad5]
C  [ucrtbase.dll+0x21bb2]
C  [KERNEL32.DLL+0x17034]
C  [ntdll.dll+0x52651]


---------------  P R O C E S S  ---------------

Threads class SMR info:
_java_thread_list=0x00000192df58d360, length=12, elements={
0x0000019285e26a30, 0x000001929e8e9b90, 0x000001929e8eaa00, 0x000001929e90b7c0,
0x000001929e945bd0, 0x000001929e947590, 0x00000192df408070, 0x00000192df408d50,
0x00000192df40a370, 0x00000192df40ad60, 0x00000192df57a9e0, 0x00000192df58d610
}

Java Threads: ( => current thread )
  0x0000019285e26a30 JavaThread "main" [_thread_in_Java, id=706100, stack(0x0000000100600000,0x0000000100700000)]
  0x000001929e8e9b90 JavaThread "Reference Handler" daemon [_thread_blocked, id=707440, stack(0x0000000100d00000,0x0000000100e00000)]
  0x000001929e8eaa00 JavaThread "Finalizer" daemon [_thread_blocked, id=105748, stack(0x0000000100e00000,0x0000000100f00000)]
  0x000001929e90b7c0 JavaThread "Signal Dispatcher" daemon [_thread_blocked, id=700488, stack(0x0000000100f00000,0x0000000101000000)]
  0x000001929e945bd0 JavaThread "Attach Listener" daemon [_thread_blocked, id=709952, stack(0x0000000101000000,0x0000000101100000)]
  0x000001929e947590 JavaThread "Service Thread" daemon [_thread_blocked, id=695440, stack(0x0000000101100000,0x0000000101200000)]
  0x00000192df408070 JavaThread "Monitor Deflation Thread" daemon [_thread_blocked, id=703816, stack(0x0000000101200000,0x0000000101300000)]
=>0x00000192df408d50 JavaThread "C2 CompilerThread0" daemon [_thread_in_native, id=705308, stack(0x0000000101300000,0x0000000101400000)]
  0x00000192df40a370 JavaThread "C1 CompilerThread0" daemon [_thread_blocked, id=703492, stack(0x0000000101400000,0x0000000101500000)]
  0x00000192df40ad60 JavaThread "Sweeper thread" daemon [_thread_blocked, id=711028, stack(0x0000000101500000,0x0000000101600000)]
  0x00000192df57a9e0 JavaThread "Notification Thread" daemon [_thread_blocked, id=711820, stack(0x0000000101600000,0x0000000101700000)]
  0x00000192df58d610 JavaThread "Common-Cleaner" daemon [_thread_blocked, id=712336, stack(0x0000000101800000,0x0000000101900000)]

Other Threads:
  0x000001929e8e1820 VMThread "VM Thread" [stack: 0x0000000100c00000,0x0000000100d00000] [id=673004]
  0x00000192df57b8d0 WatcherThread [stack: 0x0000000101700000,0x0000000101800000] [id=707280]
  0x0000019285e75750 GCTaskThread "GC Thread#0" [stack: 0x0000000100700000,0x0000000100800000] [id=703824]
  0x00000192df9ddc80 GCTaskThread "GC Thread#1" [stack: 0x0000000101900000,0x0000000101a00000] [id=708100]
  0x00000192dfb67170 GCTaskThread "GC Thread#2" [stack: 0x0000000101a00000,0x0000000101b00000] [id=711624]
  0x00000192dfb68430 GCTaskThread "GC Thread#3" [stack: 0x0000000101b00000,0x0000000101c00000] [id=709892]
  0x00000192dfb686e0 GCTaskThread "GC Thread#4" [stack: 0x0000000101c00000,0x0000000101d00000] [id=708720]
  0x00000192e094a4d0 GCTaskThread "GC Thread#5" [stack: 0x0000000101d00000,0x0000000101e00000] [id=711788]
  0x00000192e094b240 GCTaskThread "GC Thread#6" [stack: 0x0000000101e00000,0x0000000101f00000] [id=704348]
  0x00000192e094aa30 GCTaskThread "GC Thread#7" [stack: 0x0000000101f00000,0x0000000102000000] [id=712292]
  0x0000019285e824d0 ConcurrentGCThread "G1 Main Marker" [stack: 0x0000000100800000,0x0000000100900000] [id=711608]
  0x0000019285e83680 ConcurrentGCThread "G1 Conc#0" [stack: 0x0000000100900000,0x0000000100a00000] [id=708180]
  0x00000192e094a780 ConcurrentGCThread "G1 Conc#1" [stack: 0x0000000102000000,0x0000000102100000] [id=710236]
  0x0000019285ef8e80 ConcurrentGCThread "G1 Refine#0" [stack: 0x0000000100a00000,0x0000000100b00000] [id=708144]
  0x0000019285ef98a0 ConcurrentGCThread "G1 Service" [stack: 0x0000000100b00000,0x0000000100c00000] [id=709164]

Threads with active compile tasks:
C2 CompilerThread0     9173 2912   !   4       jdk.internal.loader.BuiltinClassLoader::findClassOnClassPathOrNull (64 bytes)

VM state: not at safepoint (normal execution)

VM Mutex/Monitor currently owned by a thread: None

Heap address: 0x00000000a0e00000, size: 1522 MB, Compressed Oops mode: 32-bit

CDS archive(s) not mapped
Compressed class space mapped at: 0x000001929ec00000-0x00000192dec00000, reserved size: 1073741824
Narrow klass base: 0x000001929ec00000, Narrow klass shift: 0, Narrow klass range: 0x40000000

GC Precious Log:
 CPUs: 8 total, 8 available
 Memory: 6082M
 Large Page Support: Disabled
 NUMA Support: Disabled
 Compressed Oops: Enabled (32-bit)
 Heap Region Size: 1M
 Heap Min Capacity: 8M
 Heap Initial Capacity: 96M
 Heap Max Capacity: 1522M
 Pre-touch: Disabled
 Parallel Workers: 8
 Concurrent Workers: 2
 Concurrent Refinement Workers: 8
 Periodic GC: Disabled

Heap:
 garbage-first heap   total 83968K, used 33728K [0x00000000a0e00000, 0x0000000100000000)
  region size 1024K, 12 young (12288K), 2 survivors (2048K)
 Metaspace       used 45148K, committed 45312K, reserved 1089536K
  class space    used 5489K, committed 5568K, reserved 1048576K

Heap Regions: E=young(eden), S=young(survivor), O=old, HS=humongous(starts), HC=humongous(continues), CS=collection set, F=free, OA=open archive, CA=closed archive, TAMS=top-at-mark-start (previous, next)
|   0|0x00000000a0e00000, 0x00000000a0f00000, 0x00000000a0f00000|100%|HS|  |TAMS 0x00000000a0f00000, 0x00000000a0e00000| Complete 
|   1|0x00000000a0f00000, 0x00000000a1000000, 0x00000000a1000000|100%|HC|  |TAMS 0x00000000a1000000, 0x00000000a0f00000| Complete 
|   2|0x00000000a1000000, 0x00000000a1100000, 0x00000000a1100000|100%|HC|  |TAMS 0x00000000a1100000, 0x00000000a1000000| Complete 
|   3|0x00000000a1100000, 0x00000000a1200000, 0x00000000a1200000|100%|HC|  |TAMS 0x00000000a1200000, 0x00000000a1100000| Complete 
|   4|0x00000000a1200000, 0x00000000a1300000, 0x00000000a1300000|100%| O|  |TAMS 0x00000000a1300000, 0x00000000a1200000| Untracked 
|   5|0x00000000a1300000, 0x00000000a1400000, 0x00000000a1400000|100%| O|  |TAMS 0x00000000a1400000, 0x00000000a1300000| Untracked 
|   6|0x00000000a1400000, 0x00000000a1500000, 0x00000000a1500000|100%| O|  |TAMS 0x00000000a1500000, 0x00000000a1400000| Untracked 
|   7|0x00000000a1500000, 0x00000000a1600000, 0x00000000a1600000|100%| O|  |TAMS 0x00000000a1600000, 0x00000000a1500000| Untracked 
|   8|0x00000000a1600000, 0x00000000a1700000, 0x00000000a1700000|100%| O|  |TAMS 0x00000000a1700000, 0x00000000a1600000| Untracked 
|   9|0x00000000a1700000, 0x00000000a1700000, 0x00000000a1800000|  0%| F|  |TAMS 0x00000000a1700000, 0x00000000a1700000| Untracked 
|  10|0x00000000a1800000, 0x00000000a1900000, 0x00000000a1900000|100%| O|  |TAMS 0x00000000a1900000, 0x00000000a1800000| Untracked 
|  11|0x00000000a1900000, 0x00000000a1a00000, 0x00000000a1a00000|100%| O|  |TAMS 0x00000000a1a00000, 0x00000000a1900000| Untracked 
|  12|0x00000000a1a00000, 0x00000000a1b00000, 0x00000000a1b00000|100%| O|  |TAMS 0x00000000a1b00000, 0x00000000a1a00000| Untracked 
|  13|0x00000000a1b00000, 0x00000000a1c00000, 0x00000000a1c00000|100%| O|  |TAMS 0x00000000a1b00000, 0x00000000a1b00000| Untracked 
|  14|0x00000000a1c00000, 0x00000000a1d00000, 0x00000000a1d00000|100%| O|  |TAMS 0x00000000a1c00000, 0x00000000a1c00000| Untracked 
|  15|0x00000000a1d00000, 0x00000000a1e00000, 0x00000000a1e00000|100%| O|  |TAMS 0x00000000a1e00000, 0x00000000a1d00000| Untracked 
|  16|0x00000000a1e00000, 0x00000000a1f00000, 0x00000000a1f00000|100%| O|  |TAMS 0x00000000a1f00000, 0x00000000a1e00000| Untracked 
|  17|0x00000000a1f00000, 0x00000000a2000000, 0x00000000a2000000|100%| O|  |TAMS 0x00000000a2000000, 0x00000000a1f00000| Untracked 
|  18|0x00000000a2000000, 0x00000000a2100000, 0x00000000a2100000|100%| O|  |TAMS 0x00000000a2100000, 0x00000000a2000000| Untracked 
|  19|0x00000000a2100000, 0x00000000a2200000, 0x00000000a2200000|100%| O|  |TAMS 0x00000000a2200000, 0x00000000a2100000| Untracked 
|  20|0x00000000a2200000, 0x00000000a2300000, 0x00000000a2300000|100%| O|  |TAMS 0x00000000a2300000, 0x00000000a2200000| Untracked 
|  21|0x00000000a2300000, 0x00000000a2400000, 0x00000000a2400000|100%| O|  |TAMS 0x00000000a2346000, 0x00000000a2300000| Untracked 
|  22|0x00000000a2400000, 0x00000000a2500000, 0x00000000a2500000|100%| O|  |TAMS 0x00000000a2400000, 0x00000000a2400000| Untracked 
|  23|0x00000000a2500000, 0x00000000a258ec00, 0x00000000a2600000| 55%| O|  |TAMS 0x00000000a2500000, 0x00000000a2500000| Untracked 
|  24|0x00000000a2600000, 0x00000000a2600000, 0x00000000a2700000|  0%| F|  |TAMS 0x00000000a2600000, 0x00000000a2600000| Untracked 
|  25|0x00000000a2700000, 0x00000000a2700000, 0x00000000a2800000|  0%| F|  |TAMS 0x00000000a2700000, 0x00000000a2700000| Untracked 
|  26|0x00000000a2800000, 0x00000000a2800000, 0x00000000a2900000|  0%| F|  |TAMS 0x00000000a2800000, 0x00000000a2800000| Untracked 
|  27|0x00000000a2900000, 0x00000000a2900000, 0x00000000a2a00000|  0%| F|  |TAMS 0x00000000a2900000, 0x00000000a2900000| Untracked 
|  28|0x00000000a2a00000, 0x00000000a2a00000, 0x00000000a2b00000|  0%| F|  |TAMS 0x00000000a2a00000, 0x00000000a2a00000| Untracked 
|  29|0x00000000a2b00000, 0x00000000a2b00000, 0x00000000a2c00000|  0%| F|  |TAMS 0x00000000a2b00000, 0x00000000a2b00000| Untracked 
|  30|0x00000000a2c00000, 0x00000000a2c00000, 0x00000000a2d00000|  0%| F|  |TAMS 0x00000000a2c00000, 0x00000000a2c00000| Untracked 
|  31|0x00000000a2d00000, 0x00000000a2d00000, 0x00000000a2e00000|  0%| F|  |TAMS 0x00000000a2d00000, 0x00000000a2d00000| Untracked 
|  32|0x00000000a2e00000, 0x00000000a2e00000, 0x00000000a2f00000|  0%| F|  |TAMS 0x00000000a2e00000, 0x00000000a2e00000| Untracked 
|  33|0x00000000a2f00000, 0x00000000a2f00000, 0x00000000a3000000|  0%| F|  |TAMS 0x00000000a2f00000, 0x00000000a2f00000| Untracked 
|  34|0x00000000a3000000, 0x00000000a30616c0, 0x00000000a3100000| 38%| S|CS|TAMS 0x00000000a3000000, 0x00000000a3000000| Complete 
|  35|0x00000000a3100000, 0x00000000a3200000, 0x00000000a3200000|100%| S|CS|TAMS 0x00000000a3100000, 0x00000000a3100000| Complete 
|  36|0x00000000a3200000, 0x00000000a3200000, 0x00000000a3300000|  0%| F|  |TAMS 0x00000000a3200000, 0x00000000a3200000| Untracked 
|  37|0x00000000a3300000, 0x00000000a3300000, 0x00000000a3400000|  0%| F|  |TAMS 0x00000000a3300000, 0x00000000a3300000| Untracked 
|  38|0x00000000a3400000, 0x00000000a3400000, 0x00000000a3500000|  0%| F|  |TAMS 0x00000000a3400000, 0x00000000a3400000| Untracked 
|  39|0x00000000a3500000, 0x00000000a3500000, 0x00000000a3600000|  0%| F|  |TAMS 0x00000000a3500000, 0x00000000a3500000| Untracked 
|  40|0x00000000a3600000, 0x00000000a3600000, 0x00000000a3700000|  0%| F|  |TAMS 0x00000000a3600000, 0x00000000a3600000| Untracked 
|  41|0x00000000a3700000, 0x00000000a3700000, 0x00000000a3800000|  0%| F|  |TAMS 0x00000000a3700000, 0x00000000a3700000| Untracked 
|  42|0x00000000a3800000, 0x00000000a3800000, 0x00000000a3900000|  0%| F|  |TAMS 0x00000000a3800000, 0x00000000a3800000| Untracked 
|  43|0x00000000a3900000, 0x00000000a3900000, 0x00000000a3a00000|  0%| F|  |TAMS 0x00000000a3900000, 0x00000000a3900000| Untracked 
|  44|0x00000000a3a00000, 0x00000000a3a00000, 0x00000000a3b00000|  0%| F|  |TAMS 0x00000000a3a00000, 0x00000000a3a00000| Untracked 
|  45|0x00000000a3b00000, 0x00000000a3b00000, 0x00000000a3c00000|  0%| F|  |TAMS 0x00000000a3b00000, 0x00000000a3b00000| Untracked 
|  46|0x00000000a3c00000, 0x00000000a3c00000, 0x00000000a3d00000|  0%| F|  |TAMS 0x00000000a3c00000, 0x00000000a3c00000| Untracked 
|  47|0x00000000a3d00000, 0x00000000a3d00000, 0x00000000a3e00000|  0%| F|  |TAMS 0x00000000a3d00000, 0x00000000a3d00000| Untracked 
|  48|0x00000000a3e00000, 0x00000000a3e00000, 0x00000000a3f00000|  0%| F|  |TAMS 0x00000000a3e00000, 0x00000000a3e00000| Untracked 
|  49|0x00000000a3f00000, 0x00000000a3f00000, 0x00000000a4000000|  0%| F|  |TAMS 0x00000000a3f00000, 0x00000000a3f00000| Untracked 
|  50|0x00000000a4000000, 0x00000000a4000000, 0x00000000a4100000|  0%| F|  |TAMS 0x00000000a4000000, 0x00000000a4000000| Untracked 
|  51|0x00000000a4100000, 0x00000000a4100000, 0x00000000a4200000|  0%| F|  |TAMS 0x00000000a4100000, 0x00000000a4100000| Untracked 
|  52|0x00000000a4200000, 0x00000000a4200000, 0x00000000a4300000|  0%| F|  |TAMS 0x00000000a4200000, 0x00000000a4200000| Untracked 
|  53|0x00000000a4300000, 0x00000000a4300000, 0x00000000a4400000|  0%| F|  |TAMS 0x00000000a4300000, 0x00000000a4300000| Untracked 
|  54|0x00000000a4400000, 0x00000000a4400000, 0x00000000a4500000|  0%| F|  |TAMS 0x00000000a4400000, 0x00000000a4400000| Untracked 
|  55|0x00000000a4500000, 0x00000000a4500000, 0x00000000a4600000|  0%| F|  |TAMS 0x00000000a4500000, 0x00000000a4500000| Untracked 
|  56|0x00000000a4600000, 0x00000000a4600000, 0x00000000a4700000|  0%| F|  |TAMS 0x00000000a4600000, 0x00000000a4600000| Untracked 
|  57|0x00000000a4700000, 0x00000000a4700000, 0x00000000a4800000|  0%| F|  |TAMS 0x00000000a4700000, 0x00000000a4700000| Untracked 
|  58|0x00000000a4800000, 0x00000000a4800000, 0x00000000a4900000|  0%| F|  |TAMS 0x00000000a4800000, 0x00000000a4800000| Untracked 
|  59|0x00000000a4900000, 0x00000000a4900000, 0x00000000a4a00000|  0%| F|  |TAMS 0x00000000a4900000, 0x00000000a4900000| Untracked 
|  60|0x00000000a4a00000, 0x00000000a4a00000, 0x00000000a4b00000|  0%| F|  |TAMS 0x00000000a4a00000, 0x00000000a4a00000| Untracked 
|  61|0x00000000a4b00000, 0x00000000a4b00000, 0x00000000a4c00000|  0%| F|  |TAMS 0x00000000a4b00000, 0x00000000a4b00000| Untracked 
|  62|0x00000000a4c00000, 0x00000000a4c00000, 0x00000000a4d00000|  0%| F|  |TAMS 0x00000000a4c00000, 0x00000000a4c00000| Untracked 
|  63|0x00000000a4d00000, 0x00000000a4d00000, 0x00000000a4e00000|  0%| F|  |TAMS 0x00000000a4d00000, 0x00000000a4d00000| Untracked 
|  64|0x00000000a4e00000, 0x00000000a4e00000, 0x00000000a4f00000|  0%| F|  |TAMS 0x00000000a4e00000, 0x00000000a4e00000| Untracked 
|  65|0x00000000a4f00000, 0x00000000a4f00000, 0x00000000a5000000|  0%| F|  |TAMS 0x00000000a4f00000, 0x00000000a4f00000| Untracked 
|  66|0x00000000a5000000, 0x00000000a5000000, 0x00000000a5100000|  0%| F|  |TAMS 0x00000000a5000000, 0x00000000a5000000| Untracked 
|  67|0x00000000a5100000, 0x00000000a5100000, 0x00000000a5200000|  0%| F|  |TAMS 0x00000000a5100000, 0x00000000a5100000| Untracked 
|  68|0x00000000a5200000, 0x00000000a5200000, 0x00000000a5300000|  0%| F|  |TAMS 0x00000000a5200000, 0x00000000a5200000| Untracked 
|  69|0x00000000a5300000, 0x00000000a5300000, 0x00000000a5400000|  0%| F|  |TAMS 0x00000000a5300000, 0x00000000a5300000| Untracked 
|  70|0x00000000a5400000, 0x00000000a5400000, 0x00000000a5500000|  0%| F|  |TAMS 0x00000000a5400000, 0x00000000a5400000| Untracked 
|  71|0x00000000a5500000, 0x00000000a5580800, 0x00000000a5600000| 50%| E|  |TAMS 0x00000000a5500000, 0x00000000a5500000| Complete 
|  72|0x00000000a5600000, 0x00000000a5700000, 0x00000000a5700000|100%| E|CS|TAMS 0x00000000a5600000, 0x00000000a5600000| Complete 
|  73|0x00000000a5700000, 0x00000000a5800000, 0x00000000a5800000|100%| E|CS|TAMS 0x00000000a5700000, 0x00000000a5700000| Complete 
|  74|0x00000000a5800000, 0x00000000a5900000, 0x00000000a5900000|100%| E|CS|TAMS 0x00000000a5800000, 0x00000000a5800000| Complete 
|  75|0x00000000a5900000, 0x00000000a5a00000, 0x00000000a5a00000|100%| E|CS|TAMS 0x00000000a5900000, 0x00000000a5900000| Complete 
|  76|0x00000000a5a00000, 0x00000000a5b00000, 0x00000000a5b00000|100%| E|CS|TAMS 0x00000000a5a00000, 0x00000000a5a00000| Complete 
|  77|0x00000000a5b00000, 0x00000000a5c00000, 0x00000000a5c00000|100%| E|CS|TAMS 0x00000000a5b00000, 0x00000000a5b00000| Complete 
|  78|0x00000000a5c00000, 0x00000000a5d00000, 0x00000000a5d00000|100%| E|CS|TAMS 0x00000000a5c00000, 0x00000000a5c00000| Complete 
|  79|0x00000000a5d00000, 0x00000000a5e00000, 0x00000000a5e00000|100%| E|CS|TAMS 0x00000000a5d00000, 0x00000000a5d00000| Complete 
|  80|0x00000000a5e00000, 0x00000000a5f00000, 0x00000000a5f00000|100%| E|CS|TAMS 0x00000000a5e00000, 0x00000000a5e00000| Complete 
|  95|0x00000000a6d00000, 0x00000000a6e00000, 0x00000000a6e00000|100%| E|CS|TAMS 0x00000000a6d00000, 0x00000000a6d00000| Complete 

Card table byte_map: [0x0000019298930000,0x0000019298c30000] _byte_map_base: 0x0000019298429000

Marking Bits (Prev, Next): (CMBitMap*) 0x0000019285e75d60, (CMBitMap*) 0x0000019285e75da0
 Prev Bits: [0x0000019298f30000, 0x000001929a6f8000)
 Next Bits: [0x000001929a700000, 0x000001929bec8000)

Polling page: 0x0000019285600000

Metaspace:

Usage:
  Non-class:     38.75 MB used.
      Class:      5.37 MB used.
       Both:     44.12 MB used.

Virtual space:
  Non-class space:       40.00 MB reserved,      38.88 MB ( 97%) committed,  5 nodes.
      Class space:        1.00 GB reserved,       5.50 MB ( <1%) committed,  1 nodes.
             Both:        1.04 GB reserved,      44.38 MB (  4%) committed. 

Chunk freelists:
   Non-Class:  1.16 MB
       Class:  2.48 MB
        Both:  3.64 MB

MaxMetaspaceSize: unlimited
CompressedClassSpaceSize: 1.00 GB
Initial GC threshold: 21.00 MB
Current GC threshold: 58.69 MB
CDS: off
MetaspaceReclaimPolicy: balanced
 - commit_granule_bytes: 65536.
 - commit_granule_words: 8192.
 - virtual_space_node_default_size: 1048576.
 - enlarge_chunks_in_place: 1.
 - new_chunks_are_fully_committed: 0.
 - uncommit_free_chunks: 1.
 - use_allocation_guard: 0.
 - handle_deallocations: 1.


Internal statistics:

num_allocs_failed_limit: 6.
num_arena_births: 176.
num_arena_deaths: 0.
num_vsnodes_births: 6.
num_vsnodes_deaths: 0.
num_space_committed: 708.
num_space_uncommitted: 0.
num_chunks_returned_to_freelist: 6.
num_chunks_taken_from_freelist: 1452.
num_chunk_merges: 6.
num_chunk_splits: 1208.
num_chunks_enlarged: 1092.
num_purges: 0.
num_inconsistent_stats: 0.

CodeHeap 'non-profiled nmethods': size=120000Kb used=1132Kb max_used=1132Kb free=118867Kb
 bounds [0x0000019290dd0000, 0x0000019291040000, 0x0000019298300000]
CodeHeap 'profiled nmethods': size=120000Kb used=6591Kb max_used=6591Kb free=113408Kb
 bounds [0x0000019289300000, 0x0000019289970000, 0x0000019290830000]
CodeHeap 'non-nmethods': size=5760Kb used=1261Kb max_used=1274Kb free=4498Kb
 bounds [0x0000019290830000, 0x0000019290aa0000, 0x0000019290dd0000]
 total_blobs=3813 nmethods=3242 adapters=483
 compilation: enabled
              stopped_count=0, restarted_count=0
 full_count=0

Compilation events (20 events):
Event: 9.027 Thread 0x00000192df40a370 3290       2       java.util.concurrent.TimeUnit::toNanos (45 bytes)
Event: 9.027 Thread 0x00000192df40a370 nmethod 3290 0x000001928996b210 code [0x000001928996b3c0, 0x000001928996b598]
Event: 9.027 Thread 0x00000192df40a370 3291       2       java.util.concurrent.locks.ReentrantLock::tryLock (13 bytes)
Event: 9.028 Thread 0x00000192df40a370 nmethod 3291 0x000001928996b610 code [0x000001928996b7c0, 0x000001928996b918]
Event: 9.028 Thread 0x00000192df40a370 3292       2       java.util.concurrent.locks.ReentrantLock$Sync::tryLockNanos (36 bytes)
Event: 9.028 Thread 0x00000192df40a370 nmethod 3292 0x000001928996ba10 code [0x000001928996bbe0, 0x000001928996be98]
Event: 9.067 Thread 0x00000192df40a370 3293   !   2       java.lang.invoke.MethodHandle::setVarargs (25 bytes)
Event: 9.068 Thread 0x00000192df40a370 nmethod 3293 0x000001928996c010 code [0x000001928996c1c0, 0x000001928996c438]
Event: 9.068 Thread 0x00000192df40a370 3294       2       java.lang.invoke.MemberName::isVarargs (23 bytes)
Event: 9.068 Thread 0x00000192df40a370 nmethod 3294 0x000001928996c590 code [0x000001928996c720, 0x000001928996c8b8]
Event: 9.075 Thread 0x00000192df40a370 3295       2       sun.invoke.util.VerifyAccess::getClassModifiers (24 bytes)
Event: 9.076 Thread 0x00000192df40a370 nmethod 3295 0x000001928996c990 code [0x000001928996cb40, 0x000001928996ccd8]
Event: 9.088 Thread 0x00000192df40a370 3296       1       org.jetbrains.kotlin.resolve.ImportPath::isAllUnder (5 bytes)
Event: 9.088 Thread 0x00000192df40a370 nmethod 3296 0x0000019290eea990 code [0x0000019290eeab20, 0x0000019290eeabf8]
Event: 9.105 Thread 0x00000192df40a370 3297       2       org.jetbrains.kotlin.psi.KtExpressionImplStub::<init> (14 bytes)
Event: 9.106 Thread 0x00000192df40a370 nmethod 3297 0x000001928996cd90 code [0x000001928996cf80, 0x000001928996d3e8]
Event: 9.119 Thread 0x00000192df40a370 3298       2       org.jetbrains.kotlin.com.intellij.psi.impl.source.tree.SharedImplUtil::getNextSibling (18 bytes)
Event: 9.120 Thread 0x00000192df40a370 nmethod 3298 0x000001928996d610 code [0x000001928996d7c0, 0x000001928996d958]
Event: 9.127 Thread 0x00000192df40a370 3299       2       org.jetbrains.kotlin.com.intellij.openapi.vfs.local.CoreLocalVirtualFile::hashCode (8 bytes)
Event: 9.128 Thread 0x00000192df40a370 nmethod 3299 0x000001928996da90 code [0x000001928996dc40, 0x000001928996ddb8]

GC Heap History (20 events):
Event: 4.101 GC heap before
{Heap before GC invocations=1 (full 0):
 garbage-first heap   total 98304K, used 39680K [0x00000000a0e00000, 0x0000000100000000)
  region size 1024K, 36 young (36864K), 3 survivors (3072K)
 Metaspace       used 21358K, committed 21504K, reserved 1073152K
  class space    used 2329K, committed 2432K, reserved 1048576K
}
Event: 4.122 GC heap after
{Heap after GC invocations=2 (full 0):
 garbage-first heap   total 98304K, used 10331K [0x00000000a0e00000, 0x0000000100000000)
  region size 1024K, 4 young (4096K), 4 survivors (4096K)
 Metaspace       used 21358K, committed 21504K, reserved 1073152K
  class space    used 2329K, committed 2432K, reserved 1048576K
}
Event: 5.132 GC heap before
{Heap before GC invocations=3 (full 0):
 garbage-first heap   total 40960K, used 30811K [0x00000000a0e00000, 0x0000000100000000)
  region size 1024K, 24 young (24576K), 4 survivors (4096K)
 Metaspace       used 27825K, committed 28032K, reserved 1081344K
  class space    used 3293K, committed 3392K, reserved 1048576K
}
Event: 5.144 GC heap after
{Heap after GC invocations=4 (full 0):
 garbage-first heap   total 40960K, used 11549K [0x00000000a0e00000, 0x0000000100000000)
  region size 1024K, 2 young (2048K), 2 survivors (2048K)
 Metaspace       used 27825K, committed 28032K, reserved 1081344K
  class space    used 3293K, committed 3392K, reserved 1048576K
}
Event: 5.221 GC heap before
{Heap before GC invocations=4 (full 0):
 garbage-first heap   total 40960K, used 12573K [0x00000000a0e00000, 0x0000000100000000)
  region size 1024K, 3 young (3072K), 2 survivors (2048K)
 Metaspace       used 28316K, committed 28480K, reserved 1081344K
  class space    used 3449K, committed 3520K, reserved 1048576K
}
Event: 5.226 GC heap after
{Heap after GC invocations=5 (full 0):
 garbage-first heap   total 40960K, used 11845K [0x00000000a0e00000, 0x0000000100000000)
  region size 1024K, 1 young (1024K), 1 survivors (1024K)
 Metaspace       used 28316K, committed 28480K, reserved 1081344K
  class space    used 3449K, committed 3520K, reserved 1048576K
}
Event: 5.781 GC heap before
{Heap before GC invocations=5 (full 0):
 garbage-first heap   total 40960K, used 30277K [0x00000000a0e00000, 0x0000000100000000)
  region size 1024K, 19 young (19456K), 1 survivors (1024K)
 Metaspace       used 29535K, committed 29760K, reserved 1081344K
  class space    used 3622K, committed 3712K, reserved 1048576K
}
Event: 5.793 GC heap after
{Heap after GC invocations=6 (full 0):
 garbage-first heap   total 40960K, used 16083K [0x00000000a0e00000, 0x0000000100000000)
  region size 1024K, 3 young (3072K), 3 survivors (3072K)
 Metaspace       used 29535K, committed 29760K, reserved 1081344K
  class space    used 3622K, committed 3712K, reserved 1048576K
}
Event: 6.245 GC heap before
{Heap before GC invocations=6 (full 0):
 garbage-first heap   total 40960K, used 31443K [0x00000000a0e00000, 0x0000000100000000)
  region size 1024K, 17 young (17408K), 3 survivors (3072K)
 Metaspace       used 31080K, committed 31360K, reserved 1081344K
  class space    used 3987K, committed 4096K, reserved 1048576K
}
Event: 6.259 GC heap after
{Heap after GC invocations=7 (full 0):
 garbage-first heap   total 40960K, used 21474K [0x00000000a0e00000, 0x0000000100000000)
  region size 1024K, 3 young (3072K), 3 survivors (3072K)
 Metaspace       used 31080K, committed 31360K, reserved 1081344K
  class space    used 3987K, committed 4096K, reserved 1048576K
}
Event: 6.577 GC heap before
{Heap before GC invocations=7 (full 0):
 garbage-first heap   total 40960K, used 29666K [0x00000000a0e00000, 0x0000000100000000)
  region size 1024K, 12 young (12288K), 3 survivors (3072K)
 Metaspace       used 33902K, committed 34176K, reserved 1081344K
  class space    used 4301K, committed 4416K, reserved 1048576K
}
Event: 6.589 GC heap after
{Heap after GC invocations=8 (full 0):
 garbage-first heap   total 54272K, used 22808K [0x00000000a0e00000, 0x0000000100000000)
  region size 1024K, 1 young (1024K), 1 survivors (1024K)
 Metaspace       used 33902K, committed 34176K, reserved 1081344K
  class space    used 4301K, committed 4416K, reserved 1048576K
}
Event: 7.215 GC heap before
{Heap before GC invocations=8 (full 0):
 garbage-first heap   total 54272K, used 33048K [0x00000000a0e00000, 0x0000000100000000)
  region size 1024K, 13 young (13312K), 1 survivors (1024K)
 Metaspace       used 35767K, committed 35968K, reserved 1081344K
  class space    used 4513K, committed 4608K, reserved 1048576K
}
Event: 7.223 GC heap after
{Heap after GC invocations=9 (full 0):
 garbage-first heap   total 54272K, used 22035K [0x00000000a0e00000, 0x0000000100000000)
  region size 1024K, 3 young (3072K), 3 survivors (3072K)
 Metaspace       used 35767K, committed 35968K, reserved 1081344K
  class space    used 4513K, committed 4608K, reserved 1048576K
}
Event: 7.910 GC heap before
{Heap before GC invocations=10 (full 0):
 garbage-first heap   total 54272K, used 37395K [0x00000000a0e00000, 0x0000000100000000)
  region size 1024K, 19 young (19456K), 3 survivors (3072K)
 Metaspace       used 38799K, committed 39040K, reserved 1089536K
  class space    used 4811K, committed 4928K, reserved 1048576K
}
Event: 7.919 GC heap after
{Heap after GC invocations=11 (full 0):
 garbage-first heap   total 54272K, used 23760K [0x00000000a0e00000, 0x0000000100000000)
  region size 1024K, 3 young (3072K), 3 survivors (3072K)
 Metaspace       used 38799K, committed 39040K, reserved 1089536K
  class space    used 4811K, committed 4928K, reserved 1048576K
}
Event: 7.961 GC heap before
{Heap before GC invocations=11 (full 0):
 garbage-first heap   total 54272K, used 24784K [0x00000000a0e00000, 0x0000000100000000)
  region size 1024K, 4 young (4096K), 3 survivors (3072K)
 Metaspace       used 39124K, committed 39360K, reserved 1089536K
  class space    used 4829K, committed 4928K, reserved 1048576K
}
Event: 7.968 GC heap after
{Heap after GC invocations=12 (full 0):
 garbage-first heap   total 54272K, used 23636K [0x00000000a0e00000, 0x0000000100000000)
  region size 1024K, 1 young (1024K), 1 survivors (1024K)
 Metaspace       used 39124K, committed 39360K, reserved 1089536K
  class space    used 4829K, committed 4928K, reserved 1048576K
}
Event: 8.586 GC heap before
{Heap before GC invocations=12 (full 0):
 garbage-first heap   total 54272K, used 38996K [0x00000000a0e00000, 0x0000000100000000)
  region size 1024K, 17 young (17408K), 1 survivors (1024K)
 Metaspace       used 42841K, committed 43072K, reserved 1089536K
  class space    used 5220K, committed 5312K, reserved 1048576K
}
Event: 8.592 GC heap after
{Heap after GC invocations=13 (full 0):
 garbage-first heap   total 83968K, used 24512K [0x00000000a0e00000, 0x0000000100000000)
  region size 1024K, 2 young (2048K), 2 survivors (2048K)
 Metaspace       used 42841K, committed 43072K, reserved 1089536K
  class space    used 5220K, committed 5312K, reserved 1048576K
}

Dll operation events (2 events):
Event: 0.017 Loaded shared library C:\Program Files\Android\Android Studio\jbr\bin\java.dll
Event: 4.756 Loaded shared library C:\Program Files\Android\Android Studio\jbr\bin\verify.dll

Deoptimization events (20 events):
Event: 8.694 Thread 0x0000019285e26a30 Uncommon trap: trap_request=0xffffff45 fr.pc=0x0000019290e97784 relative=0x00000000000000e4
Event: 8.694 Thread 0x0000019285e26a30 Uncommon trap: reason=unstable_if action=reinterpret pc=0x0000019290e97784 method=org.jetbrains.kotlin.com.intellij.util.SmartList.get(I)Ljava/lang/Object; @ 13 c2
Event: 8.694 Thread 0x0000019285e26a30 DEOPT PACKING pc=0x0000019290e97784 sp=0x00000001006fdec0
Event: 8.694 Thread 0x0000019285e26a30 DEOPT UNPACKING pc=0x00000192908869a3 sp=0x00000001006fde60 mode 2
Event: 8.713 Thread 0x0000019285e26a30 Uncommon trap: trap_request=0xffffffde fr.pc=0x0000019290ebd440 relative=0x0000000000000ec0
Event: 8.713 Thread 0x0000019285e26a30 Uncommon trap: reason=class_check action=maybe_recompile pc=0x0000019290ebd440 method=java.util.HashMap.putVal(ILjava/lang/Object;Ljava/lang/Object;ZZ)Ljava/lang/Object; @ 203 c2
Event: 8.713 Thread 0x0000019285e26a30 DEOPT PACKING pc=0x0000019290ebd440 sp=0x00000001006fcd30
Event: 8.713 Thread 0x0000019285e26a30 DEOPT UNPACKING pc=0x00000192908869a3 sp=0x00000001006fccc0 mode 2
Event: 8.729 Thread 0x0000019285e26a30 Uncommon trap: trap_request=0xffffffde fr.pc=0x0000019290ebd440 relative=0x0000000000000ec0
Event: 8.729 Thread 0x0000019285e26a30 Uncommon trap: reason=class_check action=maybe_recompile pc=0x0000019290ebd440 method=java.util.HashMap.putVal(ILjava/lang/Object;Ljava/lang/Object;ZZ)Ljava/lang/Object; @ 203 c2
Event: 8.729 Thread 0x0000019285e26a30 DEOPT PACKING pc=0x0000019290ebd440 sp=0x00000001006fccc0
Event: 8.729 Thread 0x0000019285e26a30 DEOPT UNPACKING pc=0x00000192908869a3 sp=0x00000001006fcc50 mode 2
Event: 8.735 Thread 0x0000019285e26a30 Uncommon trap: trap_request=0xffffffde fr.pc=0x0000019290ebd440 relative=0x0000000000000ec0
Event: 8.735 Thread 0x0000019285e26a30 Uncommon trap: reason=class_check action=maybe_recompile pc=0x0000019290ebd440 method=java.util.HashMap.putVal(ILjava/lang/Object;Ljava/lang/Object;ZZ)Ljava/lang/Object; @ 203 c2
Event: 8.735 Thread 0x0000019285e26a30 DEOPT PACKING pc=0x0000019290ebd440 sp=0x00000001006fce60
Event: 8.735 Thread 0x0000019285e26a30 DEOPT UNPACKING pc=0x00000192908869a3 sp=0x00000001006fcdf0 mode 2
Event: 8.735 Thread 0x0000019285e26a30 Uncommon trap: trap_request=0xffffffde fr.pc=0x0000019290ebd440 relative=0x0000000000000ec0
Event: 8.735 Thread 0x0000019285e26a30 Uncommon trap: reason=class_check action=maybe_recompile pc=0x0000019290ebd440 method=java.util.HashMap.putVal(ILjava/lang/Object;Ljava/lang/Object;ZZ)Ljava/lang/Object; @ 203 c2
Event: 8.735 Thread 0x0000019285e26a30 DEOPT PACKING pc=0x0000019290ebd440 sp=0x00000001006fccc0
Event: 8.735 Thread 0x0000019285e26a30 DEOPT UNPACKING pc=0x00000192908869a3 sp=0x00000001006fcc50 mode 2

Classes unloaded (0 events):
No events

Classes redefined (0 events):
No events

Internal exceptions (20 events):
Event: 4.226 Thread 0x0000019285e26a30 Exception <a 'java/lang/NoSuchMethodError'{0x00000000a2e39578}: 'java.lang.Object java.lang.invoke.DirectMethodHandle$Holder.invokeSpecial(java.lang.Object, java.lang.Object, java.lang.Object, java.lang.Object, long)'> (0x00000000a2e39578) 
thrown [s\src\hotspot\share\interpreter\linkResolver.cpp, line 771]
Event: 4.230 Thread 0x0000019285e26a30 Exception <a 'java/lang/NoSuchMethodError'{0x00000000a2e48938}: 'int java.lang.invoke.DelegatingMethodHandle$Holder.reinvoke_L(java.lang.Object, java.lang.Object, java.lang.Object, long, java.lang.Object, java.lang.Object)'> (0x00000000a2e48938) 
thrown [s\src\hotspot\share\interpreter\linkResolver.cpp, line 771]
Event: 4.232 Thread 0x0000019285e26a30 Exception <a 'java/lang/NoSuchMethodError'{0x00000000a2e574c8}: 'int java.lang.invoke.DelegatingMethodHandle$Holder.reinvoke_L(java.lang.Object, java.lang.Object, java.lang.Object, long, int, int)'> (0x00000000a2e574c8) 
thrown [s\src\hotspot\share\interpreter\linkResolver.cpp, line 771]
Event: 4.234 Thread 0x0000019285e26a30 Exception <a 'java/lang/NoSuchMethodError'{0x00000000a2e65e00}: 'int java.lang.invoke.DelegatingMethodHandle$Holder.reinvoke_L(java.lang.Object, java.lang.Object, java.lang.Object, long, long, long)'> (0x00000000a2e65e00) 
thrown [s\src\hotspot\share\interpreter\linkResolver.cpp, line 771]
Event: 4.237 Thread 0x0000019285e26a30 Exception <a 'java/lang/NoSuchMethodError'{0x00000000a2e74418}: 'int java.lang.invoke.DelegatingMethodHandle$Holder.reinvoke_L(java.lang.Object, java.lang.Object, java.lang.Object, long, int)'> (0x00000000a2e74418) 
thrown [s\src\hotspot\share\interpreter\linkResolver.cpp, line 771]
Event: 4.268 Thread 0x0000019285e26a30 Exception <a 'java/lang/NoSuchMethodError'{0x00000000a2d1ca60}: 'int java.lang.invoke.DirectMethodHandle$Holder.invokeStaticInit(java.lang.Object, java.lang.Object, java.lang.Object)'> (0x00000000a2d1ca60) 
thrown [s\src\hotspot\share\interpreter\linkResolver.cpp, line 771]
Event: 4.276 Thread 0x0000019285e26a30 Exception <a 'java/lang/NoSuchMethodError'{0x00000000a2d44928}: 'int java.lang.invoke.DirectMethodHandle$Holder.invokeStaticInit(java.lang.Object, java.lang.Object)'> (0x00000000a2d44928) 
thrown [s\src\hotspot\share\interpreter\linkResolver.cpp, line 771]
Event: 4.316 Thread 0x0000019285e26a30 Exception <a 'java/lang/NoSuchMethodError'{0x00000000a2c22fb8}: 'void java.lang.invoke.DirectMethodHandle$Holder.invokeSpecial(java.lang.Object, java.lang.Object, java.lang.Object)'> (0x00000000a2c22fb8) 
thrown [s\src\hotspot\share\interpreter\linkResolver.cpp, line 771]
Event: 4.465 Thread 0x0000019285e26a30 Exception <a 'java/lang/NoSuchMethodError'{0x00000000a2946b70}: 'void java.lang.invoke.DirectMethodHandle$Holder.invokeStatic(java.lang.Object, java.lang.Object, java.lang.Object, java.lang.Object)'> (0x00000000a2946b70) 
thrown [s\src\hotspot\share\interpreter\linkResolver.cpp, line 771]
Event: 4.674 Thread 0x0000019285e26a30 Exception <a 'java/lang/NoSuchMethodError'{0x00000000a2506c58}: 'void java.lang.invoke.DirectMethodHandle$Holder.invokeStaticInit(java.lang.Object, java.lang.Object)'> (0x00000000a2506c58) 
thrown [s\src\hotspot\share\interpreter\linkResolver.cpp, line 771]
Event: 4.954 Thread 0x0000019285e26a30 Exception <a 'java/lang/NoSuchMethodError'{0x00000000a20943d0}: 'void java.lang.invoke.DirectMethodHandle$Holder.invokeVirtual(java.lang.Object, java.lang.Object)'> (0x00000000a20943d0) 
thrown [s\src\hotspot\share\interpreter\linkResolver.cpp, line 771]
Event: 4.972 Thread 0x0000019285e26a30 Exception <a 'java/lang/NoSuchMethodError'{0x00000000a20dfd50}: 'int java.lang.invoke.DirectMethodHandle$Holder.invokeVirtual(java.lang.Object, java.lang.Object)'> (0x00000000a20dfd50) 
thrown [s\src\hotspot\share\interpreter\linkResolver.cpp, line 771]
Event: 5.008 Thread 0x0000019285e26a30 Exception <a 'java/lang/NoSuchMethodError'{0x00000000a1f778a0}: 'java.lang.Object java.lang.invoke.Invokers$Holder.invokeExact_MT(java.lang.Object, java.lang.Object, java.lang.Object, java.lang.Object, java.lang.Object, java.lang.Object)'> (0x00000000a1f778a0) 
thrown [s\src\hotspot\share\interpreter\linkResolver.cpp, line 771]
Event: 6.349 Thread 0x0000019285e26a30 Implicit null exception at 0x0000019290de7c72 to 0x0000019290de823c
Event: 6.573 Thread 0x0000019285e26a30 Implicit null exception at 0x0000019290de95f2 to 0x0000019290de9bcc
Event: 6.692 Thread 0x0000019285e26a30 Exception <a 'java/lang/NoSuchMethodError'{0x00000000a48d1b10}: 'java.lang.Object java.lang.invoke.DirectMethodHandle$Holder.invokeVirtual(java.lang.Object, java.lang.Object, java.lang.Object)'> (0x00000000a48d1b10) 
thrown [s\src\hotspot\share\interpreter\linkResolver.cpp, line 771]
Event: 8.602 Thread 0x0000019285e26a30 Exception <a 'java/lang/NoSuchMethodError'{0x00000000a6d19b28}: 'java.lang.Object java.lang.invoke.DirectMethodHandle$Holder.newInvokeSpecial(java.lang.Object, java.lang.Object, int)'> (0x00000000a6d19b28) 
thrown [s\src\hotspot\share\interpreter\linkResolver.cpp, line 771]
Event: 9.010 Thread 0x0000019285e26a30 Exception <a 'java/lang/NoSuchMethodError'{0x00000000a599fb00}: 'java.lang.Object java.lang.invoke.DirectMethodHandle$Holder.newInvokeSpecial(java.lang.Object, java.lang.Object, java.lang.Object, int)'> (0x00000000a599fb00) 
thrown [s\src\hotspot\share\interpreter\linkResolver.cpp, line 771]
Event: 9.011 Thread 0x0000019285e26a30 Exception <a 'java/lang/NoSuchMethodError'{0x00000000a59a4188}: 'java.lang.Object java.lang.invoke.DirectMethodHandle$Holder.invokeSpecial(java.lang.Object, java.lang.Object, java.lang.Object, java.lang.Object, int)'> (0x00000000a59a4188) 
thrown [s\src\hotspot\share\interpreter\linkResolver.cpp, line 771]
Event: 9.012 Thread 0x0000019285e26a30 Exception <a 'java/lang/NoSuchMethodError'{0x00000000a59a7ff8}: 'java.lang.Object java.lang.invoke.Invokers$Holder.linkToTargetMethod(java.lang.Object, java.lang.Object, int, java.lang.Object)'> (0x00000000a59a7ff8) 
thrown [s\src\hotspot\share\interpreter\linkResolver.cpp, line 771]

VM Operations (20 events):
Event: 6.577 Executing VM operation: G1CollectForAllocation
Event: 6.589 Executing VM operation: G1CollectForAllocation done
Event: 7.214 Executing VM operation: CollectForMetadataAllocation
Event: 7.225 Executing VM operation: CollectForMetadataAllocation done
Event: 7.247 Executing VM operation: G1Concurrent
Event: 7.252 Executing VM operation: G1Concurrent done
Event: 7.260 Executing VM operation: G1Concurrent
Event: 7.260 Executing VM operation: G1Concurrent done
Event: 7.910 Executing VM operation: G1CollectForAllocation
Event: 7.920 Executing VM operation: G1CollectForAllocation done
Event: 7.961 Executing VM operation: G1CollectForAllocation
Event: 7.968 Executing VM operation: G1CollectForAllocation done
Event: 8.586 Executing VM operation: G1CollectForAllocation
Event: 8.592 Executing VM operation: G1CollectForAllocation done
Event: 8.965 Executing VM operation: HandshakeAllThreads
Event: 8.965 Executing VM operation: HandshakeAllThreads done
Event: 9.004 Executing VM operation: HandshakeAllThreads
Event: 9.004 Executing VM operation: HandshakeAllThreads done
Event: 9.123 Executing VM operation: HandshakeAllThreads
Event: 9.123 Executing VM operation: HandshakeAllThreads done

Events (20 events):
Event: 8.533 loading class java/util/PrimitiveIterator$OfInt
Event: 8.534 loading class java/util/PrimitiveIterator
Event: 8.534 loading class java/util/PrimitiveIterator done
Event: 8.534 loading class java/util/PrimitiveIterator$OfInt done
Event: 8.577 loading class java/util/AbstractMap$SimpleImmutableEntry
Event: 8.577 loading class java/util/AbstractMap$SimpleImmutableEntry done
Event: 8.599 loading class java/util/function/IntUnaryOperator
Event: 8.599 loading class java/util/function/IntUnaryOperator done
Event: 8.700 loading class java/util/regex/Pattern$StartS
Event: 8.700 loading class java/util/regex/Pattern$StartS done
Event: 8.942 loading class java/util/ConcurrentModificationException
Event: 8.942 loading class java/util/ConcurrentModificationException done
Event: 8.964 loading class java/util/ArrayList$ListItr
Event: 8.964 loading class java/util/ArrayList$ListItr done
Event: 9.102 loading class java/io/InvalidObjectException
Event: 9.102 loading class java/io/InvalidObjectException done
Event: 9.119 loading class java/util/AbstractList$SubList$1
Event: 9.120 loading class java/util/AbstractList$SubList$1 done
Event: 9.121 loading class java/util/AbstractList$ListItr
Event: 9.121 loading class java/util/AbstractList$ListItr done


Dynamic libraries:
0x00007ff7b8820000 - 0x00007ff7b882a000 	C:\Program Files\Android\Android Studio\jbr\bin\java.exe
0x00007ff8a2bb0000 - 0x00007ff8a2da5000 	C:\WINDOWS\SYSTEM32\ntdll.dll
0x00007ff8a18e0000 - 0x00007ff8a199d000 	C:\WINDOWS\System32\KERNEL32.DLL
0x00007ff8a07f0000 - 0x00007ff8a0abd000 	C:\WINDOWS\System32\KERNELBASE.dll
0x00007ff8a0650000 - 0x00007ff8a0750000 	C:\WINDOWS\System32\ucrtbase.dll
0x00007ff879710000 - 0x00007ff879727000 	C:\Program Files\Android\Android Studio\jbr\bin\jli.dll
0x00007ff87db90000 - 0x00007ff87dbab000 	C:\Program Files\Android\Android Studio\jbr\bin\VCRUNTIME140.dll
0x00007ff8a19a0000 - 0x00007ff8a1b40000 	C:\WINDOWS\System32\USER32.dll
0x00007ff88f140000 - 0x00007ff88f3da000 	C:\WINDOWS\WinSxS\amd64_microsoft.windows.common-controls_6595b64144ccf1df_6.0.19041.1110_none_60b5254171f9507e\COMCTL32.dll
0x00007ff8a0bd0000 - 0x00007ff8a0bf2000 	C:\WINDOWS\System32\win32u.dll
0x00007ff8a1ef0000 - 0x00007ff8a1f1a000 	C:\WINDOWS\System32\GDI32.dll
0x00007ff8a1e50000 - 0x00007ff8a1eee000 	C:\WINDOWS\System32\msvcrt.dll
0x00007ff8a0420000 - 0x00007ff8a052b000 	C:\WINDOWS\System32\gdi32full.dll
0x00007ff8a0750000 - 0x00007ff8a07ed000 	C:\WINDOWS\System32\msvcp_win.dll
0x00007ff8a1f20000 - 0x00007ff8a1f50000 	C:\WINDOWS\System32\IMM32.DLL
0x00007ff884810000 - 0x00007ff88481c000 	C:\Program Files\Android\Android Studio\jbr\bin\vcruntime140_1.dll
0x00007ff873340000 - 0x00007ff8733cd000 	C:\Program Files\Android\Android Studio\jbr\bin\msvcp140.dll
0x00007ff8229b0000 - 0x00007ff82361e000 	C:\Program Files\Android\Android Studio\jbr\bin\server\jvm.dll
0x00007ff8a20d0000 - 0x00007ff8a217e000 	C:\WINDOWS\System32\ADVAPI32.dll
0x00007ff8a1db0000 - 0x00007ff8a1e4c000 	C:\WINDOWS\System32\sechost.dll
0x00007ff8a0c00000 - 0x00007ff8a0d25000 	C:\WINDOWS\System32\RPCRT4.dll
0x00007ff888be0000 - 0x00007ff888be9000 	C:\WINDOWS\SYSTEM32\WSOCK32.dll
0x00007ff895ce0000 - 0x00007ff895d07000 	C:\WINDOWS\SYSTEM32\WINMM.dll
0x00007ff896020000 - 0x00007ff89602a000 	C:\WINDOWS\SYSTEM32\VERSION.dll
0x00007ff8a1c50000 - 0x00007ff8a1cbb000 	C:\WINDOWS\System32\WS2_32.dll
0x00007ff89e1c0000 - 0x00007ff89e1d2000 	C:\WINDOWS\SYSTEM32\kernel.appcore.dll
0x00007ff89bfc0000 - 0x00007ff89bfca000 	C:\Program Files\Android\Android Studio\jbr\bin\jimage.dll
0x00007ff88b960000 - 0x00007ff88bb44000 	C:\WINDOWS\SYSTEM32\DBGHELP.DLL
0x00007ff885c40000 - 0x00007ff885c6c000 	C:\WINDOWS\SYSTEM32\dbgcore.DLL
0x00007ff8a0af0000 - 0x00007ff8a0b72000 	C:\WINDOWS\System32\bcryptPrimitives.dll
0x00007ff88c260000 - 0x00007ff88c285000 	C:\Program Files\Android\Android Studio\jbr\bin\java.dll
0x00007ff88c240000 - 0x00007ff88c258000 	C:\Program Files\Android\Android Studio\jbr\bin\zip.dll
0x00007ff8a2420000 - 0x00007ff8a2b64000 	C:\WINDOWS\System32\SHELL32.dll
0x00007ff89e3c0000 - 0x00007ff89eb54000 	C:\WINDOWS\SYSTEM32\windows.storage.dll
0x00007ff8a0d30000 - 0x00007ff8a1084000 	C:\WINDOWS\System32\combase.dll
0x00007ff89fd20000 - 0x00007ff89fd4c000 	C:\WINDOWS\SYSTEM32\Wldp.dll
0x00007ff8a2020000 - 0x00007ff8a20cd000 	C:\WINDOWS\System32\SHCORE.dll
0x00007ff8a1bf0000 - 0x00007ff8a1c45000 	C:\WINDOWS\System32\shlwapi.dll
0x00007ff8a0200000 - 0x00007ff8a021f000 	C:\WINDOWS\SYSTEM32\profapi.dll
0x00007ff87ef70000 - 0x00007ff87ef89000 	C:\Program Files\Android\Android Studio\jbr\bin\net.dll
0x00007ff893f00000 - 0x00007ff89400a000 	C:\WINDOWS\SYSTEM32\WINHTTP.dll
0x00007ff89fa80000 - 0x00007ff89faea000 	C:\WINDOWS\system32\mswsock.dll
0x00007ff879830000 - 0x00007ff879846000 	C:\Program Files\Android\Android Studio\jbr\bin\nio.dll
0x00007ff89bfb0000 - 0x00007ff89bfc0000 	C:\Program Files\Android\Android Studio\jbr\bin\verify.dll

dbghelp: loaded successfully - version: 4.0.5 - missing functions: none
symbol engine: initialized successfully - sym options: 0x614 - pdb path: .;C:\Program Files\Android\Android Studio\jbr\bin;C:\WINDOWS\SYSTEM32;C:\WINDOWS\WinSxS\amd64_microsoft.windows.common-controls_6595b64144ccf1df_6.0.19041.1110_none_60b5254171f9507e;C:\Program Files\Android\Android Studio\jbr\bin\server

VM Arguments:
java_command: org.jetbrains.kotlin.cli.jvm.K2JVMCompiler @C:\Users\user\Desktop\Tarc\SpotNBook [27 Mar].zip-20240327T100541Z-001\SpotNBook\app\build\20240404_5253428446531301155.compiler.options
java_class_path (initial): C:\Users\user\.gradle\caches\modules-2\files-2.1\org.jetbrains.kotlin\kotlin-compiler-embeddable\1.9.0\2c8c3a7402becca891f12739b3e9fd2dc2adbd7a\kotlin-compiler-embeddable-1.9.0.jar;C:\Users\user\.gradle\caches\modules-2\files-2.1\org.jetbrains.kotlin\kotlin-stdlib\1.9.0\8ee15ef0c67dc83d874f412d84378d7f0eb50b63\kotlin-stdlib-1.9.0.jar;C:\Users\user\.gradle\caches\modules-2\files-2.1\org.jetbrains.kotlin\kotlin-script-runtime\1.9.0\4b3102cbbb7e1b58d9d1adf89563f00069ffa7d1\kotlin-script-runtime-1.9.0.jar;C:\Users\user\.gradle\caches\modules-2\files-2.1\org.jetbrains.kotlin\kotlin-reflect\1.6.10\1cbe9c92c12a94eea200d23c2bbaedaf3daf5132\kotlin-reflect-1.6.10.jar;C:\Users\user\.gradle\caches\modules-2\files-2.1\org.jetbrains.kotlin\kotlin-daemon-embeddable\1.9.0\186543f5e28cf8d9a0290fecc2cf34301c40a65c\kotlin-daemon-embeddable-1.9.0.jar;C:\Users\user\.gradle\caches\modules-2\files-2.1\org.jetbrains.intellij.deps\trove4j\1.0.20200330\3afb14d5f9ceb459d724e907a21145e8ff394f02\trove4j-1.0.20200330.jar;C:\Users\user\.gradle\caches\modules-2\files-2.1\org.jetbrains.kotlin\kotlin-stdlib-common\1.9.0\cd65c21cfd1eec4d44ef09f9f52b6d9f8a720636\kotlin-stdlib-common-1.9.0.jar;C:\Users\user\.gradle\caches\modules-2\files-2.1\org.jetbrains\annotations\13.0\919f0dfe192fb4e063e7dacadee7f8bb9a2672a9\annotations-13.0.jar
Launcher Type: SUN_STANDARD

[Global flags]
     intx CICompilerCount                          = 4                                         {product} {ergonomic}
     uint ConcGCThreads                            = 2                                         {product} {ergonomic}
     uint G1ConcRefinementThreads                  = 8                                         {product} {ergonomic}
   size_t G1HeapRegionSize                         = 1048576                                   {product} {ergonomic}
    uintx GCDrainStackTargetSize                   = 64                                        {product} {ergonomic}
   size_t InitialHeapSize                          = 100663296                                 {product} {ergonomic}
   size_t MarkStackSize                            = 4194304                                   {product} {ergonomic}
   size_t MaxHeapSize                              = 1595932672                                {product} {ergonomic}
   size_t MaxNewSize                               = 957349888                                 {product} {ergonomic}
   size_t MinHeapDeltaBytes                        = 1048576                                   {product} {ergonomic}
   size_t MinHeapSize                              = 8388608                                   {product} {ergonomic}
    uintx NonNMethodCodeHeapSize                   = 5839372                                {pd product} {ergonomic}
    uintx NonProfiledCodeHeapSize                  = 122909434                              {pd product} {ergonomic}
    uintx ProfiledCodeHeapSize                     = 122909434                              {pd product} {ergonomic}
    uintx ReservedCodeCacheSize                    = 251658240                              {pd product} {ergonomic}
     bool SegmentedCodeCache                       = true                                      {product} {ergonomic}
   size_t SoftMaxHeapSize                          = 1595932672                             {manageable} {ergonomic}
     bool UseCompressedClassPointers               = true                           {product lp64_product} {ergonomic}
     bool UseCompressedOops                        = true                           {product lp64_product} {ergonomic}
     bool UseG1GC                                  = true                                      {product} {ergonomic}
     bool UseLargePagesIndividualAllocation        = false                                  {pd product} {ergonomic}

Logging:
Log output configuration:
 #0: stdout all=warning uptime,level,tags
 #1: stderr all=off uptime,level,tags

Environment Variables:
PATH=C:\Python311\Scripts\;C:\Python311\;C:\oraclexe\app\oracle\product\11.2.0\server\bin;C:\Program Files\Common Files\Oracle\Java\javapath;C:\Program Files (x86)\Common Files\Oracle\Java\javapath;C:\Windows\system32;C:\Windows;C:\Windows\System32\Wbem;C:\Windows\System32\WindowsPowerShell\v1.0\;C:\Windows\System32\OpenSSH\;C:\Program Files (x86)\NVIDIA Corporation\PhysX\Common;C:\Program Files\NVIDIA Corporation\NVIDIA NvDLISR;C:\WINDOWS\system32;C:\WINDOWS;C:\WINDOWS\System32\Wbem;C:\WINDOWS\System32\WindowsPowerShell\v1.0\;C:\WINDOWS\System32\OpenSSH\;C:\Program Files\dotnet\;C:\Program Files\Microsoft SQL Server\130\Tools\Binn\;C:\ProgramData\chocolatey\bin;C:\Program Files\Git\cmd;C:\Program Files\nodejs\;C:\Users\user\AppData\Local\Microsoft\WindowsApps;C:\Users\user\AppData\Local\Programs\Microsoft VS Code\bin;C:\C compiler\mingw32\bin;C:\Users\user\AppData\Roaming\npm
USERNAME=user
OS=Windows_NT
PROCESSOR_IDENTIFIER=AMD64 Family 23 Model 24 Stepping 1, AuthenticAMD
TMP=C:\Users\user\AppData\Local\Temp
TEMP=C:\Users\user\AppData\Local\Temp


JNI global refs:
JNI global refs: 9, weak refs: 33

JNI global refs memory usage: 843, weak refs: 841


---------------  S Y S T E M  ---------------

OS:
 Windows 10 , 64 bit Build 19041 (10.0.19041.1706)
OS uptime: 2 days 23:36 hours

CPU: total 8 (initial active 8) (8 cores per cpu, 2 threads per core) family 23 model 24 stepping 1 microcode 0x0, cx8, cmov, fxsr, ht, mmx, 3dnowpref, sse, sse2, sse3, ssse3, sse4a, sse4.1, sse4.2, popcnt, lzcnt, tsc, tscinvbit, avx, avx2, aes, clmul, bmi1, bmi2, adx, sha, fma, vzeroupper, clflush, clflushopt

Memory: 4k page, system-wide physical 6082M (74M free)
TotalPageFile size 24514M (AvailPageFile size 0M)
current process WorkingSet (physical memory assigned to process): 179M, peak: 179M
current process commit charge ("private bytes"): 237M, peak: 238M

vm_info: OpenJDK 64-Bit Server VM (17.0.6+0-b2043.56-10027231) for windows-amd64 JRE (17.0.6+0-b2043.56-10027231), built on Apr 28 2023 00:43:19 by "androidbuild" with MS VC++ 16.10 / 16.11 (VS2019)

END.
